<?xml version="1.0" encoding="UTF-8"?>
<!-- Generated by org.testng.reporters.JUnitReportReporter -->
<testsuite hostname="Andreis-MacBook-Pro.local" name="tests.NewTest" tests="1" failures="0" timestamp="24 Aug 2018 06:35:15 GMT" time="15.401" errors="0">
  <testcase name="openMyBlog" time="15.401" classname="tests.NewTest"/>
</testsuite> <!-- tests.NewTest -->
